<?xml version="1.0" encoding="UTF-8"?>
<testsuite xmlns:xsi="http://www.w3.org/2001/XMLSchema-instance" xsi:noNamespaceSchemaLocation="https://maven.apache.org/surefire/maven-surefire-plugin/xsd/surefire-test-report-3.0.xsd" version="3.0" name="org.guess.GreetingResourceTest" time="1.629" tests="1" errors="0" skipped="0" failures="0">
  <properties>
[...]
</properties>
  <testcase name="testHelloEndpoint" classname="org.guess.GreetingResourceTest" time="0.599">
    <system-out><![CDATA[2022-03-15 20:54:18,991 INFO  [org.jbo.threads] (main) JBoss Threads version 3.4.2.Final
2022-03-15 20:54:19,512 INFO  [io.quarkus] (main) Quarkus 2.7.4.Final on JVM started in 0.749s. Listening on: http://localhost:8081
2022-03-15 20:54:19,512 INFO  [io.quarkus] (main) Profile test activated. 
2022-03-15 20:54:19,512 INFO  [io.quarkus] (main) Installed features: [cdi, resteasy, resteasy-jsonb, smallrye-context-propagation, vertx]
]]></system-out>
  </testcase>
</testsuite>